<?xml version="1.0" encoding="UTF-8"?>
<!-- Generated by org.testng.reporters.JUnitXMLReporter -->
<testsuite hostname="GLENN" name="ParallelTest" tests="2" failures="2" timestamp="25 Jan 2023 03:09:34 GMT" time="12.312" errors="0">
  <testcase name="verifyLoginWithValidUserNameAndPassword" time="0.131" classname="com.obsqura.ProjectServiceApp.LoginPageTest">
    <failure type="org.apache.poi.openxml4j.exceptions.NotOfficeXmlFileException" message="No valid entries or contents found, this is not a valid OOXML (Office Open XML) file">
      <![CDATA[org.apache.poi.openxml4j.exceptions.NotOfficeXmlFileException: No valid entries or contents found, this is not a valid OOXML (Office Open XML) file
	at org.apache.poi.openxml4j.util.ZipArchiveThresholdInputStream.getNextEntry(ZipArchiveThresholdInputStream.java:156)
	at org.apache.poi.openxml4j.util.ZipInputStreamZipEntrySource.<init>(ZipInputStreamZipEntrySource.java:94)
	at org.apache.poi.openxml4j.opc.ZipPackage.<init>(ZipPackage.java:132)
	at org.apache.poi.openxml4j.opc.OPCPackage.open(OPCPackage.java:312)
	at org.apache.poi.ooxml.util.PackageHelper.open(PackageHelper.java:59)
	at org.apache.poi.xssf.usermodel.XSSFWorkbook.<init>(XSSFWorkbook.java:289)
	at org.apache.poi.xssf.usermodel.XSSFWorkbook.<init>(XSSFWorkbook.java:285)
	at utilities.ExcelUtility.getTestData(ExcelUtility.java:18)
	at pages.LoginPage.loginWithValidUserNameAndPassword(LoginPage.java:31)
	at com.obsqura.ProjectServiceApp.LoginPageTest.verifyLoginWithValidUserNameAndPassword(LoginPageTest.java:16)
	at java.util.concurrent.ThreadPoolExecutor.runWorker(Unknown Source)
	at java.util.concurrent.ThreadPoolExecutor$Worker.run(Unknown Source)
	at java.lang.Thread.run(Unknown Source)
Caused by: java.util.zip.ZipException: Unexpected record signature: 0X79C3CBC8
	at org.apache.commons.compress.archivers.zip.ZipArchiveInputStream.getNextZipEntry(ZipArchiveInputStream.java:296)
	at org.apache.poi.openxml4j.util.ZipArchiveThresholdInputStream.getNextEntry(ZipArchiveThresholdInputStream.java:152)
	... 22 more
... Removed 10 stack frames]]>
    </failure>
  </testcase> <!-- verifyLoginWithValidUserNameAndPassword -->
  <testcase name="verifyLoginWithInValidUserNameAndPassword" time="0.171" classname="com.obsqura.ProjectServiceApp.LoginPageTest">
    <failure type="java.io.IOException" message="Stream Closed">
      <![CDATA[java.io.IOException: Stream Closed
	at java.io.FileInputStream.available0(Native Method)
	at java.io.FileInputStream.available(Unknown Source)
	at java.io.BufferedInputStream.read(Unknown Source)
	at java.io.FilterInputStream.read(Unknown Source)
	at java.io.PushbackInputStream.read(Unknown Source)
	at java.io.FilterInputStream.read(Unknown Source)
	at org.apache.commons.compress.archivers.zip.ZipArchiveInputStream.fill(ZipArchiveInputStream.java:861)
	at org.apache.commons.compress.archivers.zip.ZipArchiveInputStream.readFromInflater(ZipArchiveInputStream.java:650)
	at org.apache.commons.compress.archivers.zip.ZipArchiveInputStream.readDeflated(ZipArchiveInputStream.java:625)
	at org.apache.commons.compress.archivers.zip.ZipArchiveInputStream.read(ZipArchiveInputStream.java:528)
	at java.io.FilterInputStream.read(Unknown Source)
	at org.apache.poi.openxml4j.util.ZipArchiveThresholdInputStream.read(ZipArchiveThresholdInputStream.java:80)
	at org.apache.poi.util.IOUtils.toByteArray(IOUtils.java:185)
	at org.apache.poi.openxml4j.util.ZipArchiveFakeEntry.<init>(ZipArchiveFakeEntry.java:82)
	at org.apache.poi.openxml4j.util.ZipInputStreamZipEntrySource.<init>(ZipInputStreamZipEntrySource.java:98)
	at org.apache.poi.openxml4j.opc.ZipPackage.<init>(ZipPackage.java:132)
	at org.apache.poi.openxml4j.opc.OPCPackage.open(OPCPackage.java:312)
	at org.apache.poi.ooxml.util.PackageHelper.open(PackageHelper.java:59)
	at org.apache.poi.xssf.usermodel.XSSFWorkbook.<init>(XSSFWorkbook.java:289)
	at org.apache.poi.xssf.usermodel.XSSFWorkbook.<init>(XSSFWorkbook.java:285)
	at utilities.ExcelUtility.getTestData(ExcelUtility.java:18)
	at pages.LoginPage.loginWithInValidUserNameAndPassword(LoginPage.java:42)
	at com.obsqura.ProjectServiceApp.LoginPageTest.verifyLoginWithInValidUserNameAndPassword(LoginPageTest.java:21)
	at java.util.concurrent.ThreadPoolExecutor.runWorker(Unknown Source)
	at java.util.concurrent.ThreadPoolExecutor$Worker.run(Unknown Source)
	at java.lang.Thread.run(Unknown Source)
... Removed 10 stack frames]]>
    </failure>
  </testcase> <!-- verifyLoginWithInValidUserNameAndPassword -->
</testsuite> <!-- ParallelTest -->
